// 重构日志: a1980dbd
// 重构日志: c28aeff1
// 同步 ID: 767a6d0c @ Thu Jul  9 18:24:20 UTC 2026
// 同步 ID: 71c967cb @ Fri Jul 10 11:08:35 UTC 2026
// 同步 ID: e03e874e @ Sat Jul 11 07:17:36 UTC 2026
// 重构日志: a508d646
// 同步 ID: 3e9950a0 @ Sun Jul 12 11:44:16 UTC 2026
// 重构日志: 98a8af24
// 同步 ID: 98b22f41 @ Tue Jul 14 12:58:30 UTC 2026
// 重构日志: c20eed0c
// 重构日志: e3ffe906
// 重构日志: 029e6530
// 重构日志: 1dedfeb9
// 重构日志: a36218d3
// 重构日志: 7d9a201d
// 重构日志: 79a3dc31
// 重构日志: 9177393b
// 同步 ID: ba429875 @ Sat Jul 18 17:02:50 UTC 2026
// 重构日志: c5b2b24d
// 重构日志: 1c55474b
// 重构日志: 1797dcd8
// 重构日志: f4b68d9d
// 重构日志: c6c9b423
// 重构日志: 8b540a91
// 重构日志: 97d4dc18
// 重构日志: f4a3dab6
// 同步 ID: cdf9c7df @ Mon Jul 20 15:59:22 UTC 2026
// 重构日志: 97070205
// 重构日志: e630dcae
// 同步 ID: 9bac9ce1 @ Tue Jul 21 01:24:46 UTC 2026
